  Animation_sprite.cpp
D:\projects\UFO Game Project\the game\Animation_sprite.h(9,52): warning C4244: '=': conversion from 'int' to 'float', possible loss of data
  Circlecomponent.cpp
  Component.cpp
  Damage_counter_Sprite.cpp
D:\projects\UFO Game Project\the game\Animation_sprite.cpp(26,25): warning C4244: '=': conversion from 'unsigned __int64' to 'float', possible loss of data
D:\projects\UFO Game Project\the game\Spritecomponent_offset_position.h(19,32): warning C4244: '=': conversion from 'float' to 'int', possible loss of data
  EMP.cpp
D:\projects\UFO Game Project\the game\Spritecomponent_offset_position.h(20,32): warning C4244: '=': conversion from 'float' to 'int', possible loss of data
D:\projects\UFO Game Project\the game\Animation_sprite.h(9,52): warning C4244: '=': conversion from 'int' to 'float', possible loss of data
D:\projects\UFO Game Project\the game\stones.h(33,27): warning C4305: 'initializing': truncation from 'double' to 'float'
D:\projects\UFO Game Project\the game\stones.h(21,29): warning C4305: '-=': truncation from 'double' to 'float'
D:\projects\UFO Game Project\the game\Spritecomponent_offset_position.h(19,32): warning C4244: '=': conversion from 'float' to 'int', possible loss of data
D:\projects\UFO Game Project\the game\Spritecomponent_offset_position.h(20,32): warning C4244: '=': conversion from 'float' to 'int', possible loss of data
D:\projects\UFO Game Project\the game\EMP.cpp(69,44): warning C4244: 'argument': conversion from 'int' to 'float', possible loss of data
  Game.cpp
D:\projects\UFO Game Project\the game\EMP.cpp(74,44): warning C4244: 'argument': conversion from 'int' to 'float', possible loss of data
D:\projects\UFO Game Project\the game\stones.h(33,27): warning C4305: 'initializing': truncation from 'double' to 'float'
D:\projects\UFO Game Project\the game\stones.h(21,29): warning C4305: '-=': truncation from 'double' to 'float'
D:\projects\UFO Game Project\the game\Animation_sprite.h(9,52): warning C4244: '=': conversion from 'int' to 'float', possible loss of data
D:\projects\UFO Game Project\the game\Game.cpp(53,13): warning C4244: '=': conversion from 'int' to 'float', possible loss of data
D:\projects\UFO Game Project\the game\Game.cpp(69,18): warning C4244: 'initializing': conversion from 'double' to 'float', possible loss of data
D:\projects\UFO Game Project\the game\Game.cpp(79,20): warning C4305: '=': truncation from 'double' to 'float'
  Hud.cpp
D:\projects\UFO Game Project\the game\Game.cpp(173,5): warning C4102: 'std': unreferenced label
D:\projects\UFO Game Project\the game\Spritecomponent_offset_position.h(19,32): warning C4244: '=': conversion from 'float' to 'int', possible loss of data
D:\projects\UFO Game Project\the game\Spritecomponent_offset_position.h(20,32): warning C4244: '=': conversion from 'float' to 'int', possible loss of data
D:\projects\UFO Game Project\the game\stones.h(33,27): warning C4305: 'initializing': truncation from 'double' to 'float'
D:\projects\UFO Game Project\the game\stones.h(21,29): warning C4305: '-=': truncation from 'double' to 'float'
  Inputcomponent.cpp
D:\projects\UFO Game Project\the game\Hud.cpp(70,58): warning C4244: '=': conversion from 'float' to 'int', possible loss of data
D:\projects\UFO Game Project\the game\stones.h(33,27): warning C4305: 'initializing': truncation from 'double' to 'float'
  Life_Spritecomponent.cpp
D:\projects\UFO Game Project\the game\stones.h(21,29): warning C4305: '-=': truncation from 'double' to 'float'
D:\projects\UFO Game Project\the game\stones.h(33,27): warning C4305: 'initializing': truncation from 'double' to 'float'
D:\projects\UFO Game Project\the game\stones.h(21,29): warning C4305: '-=': truncation from 'double' to 'float'
D:\projects\UFO Game Project\the game\Life_Spritecomponent.cpp(17,15): warning C4244: '=': conversion from 'float' to 'int', possible loss of data
D:\projects\UFO Game Project\the game\Life_Spritecomponent.cpp(19,36): warning C4244: '=': conversion from 'float' to 'int', possible loss of data
  Object.cpp
D:\projects\UFO Game Project\the game\Life_Spritecomponent.cpp(29,15): warning C4244: '=': conversion from 'float' to 'int', possible loss of data
  Ship.cpp
D:\projects\UFO Game Project\the game\Object.cpp(9,19): warning C4244: '=': conversion from 'Uint32' to 'float', possible loss of data
D:\projects\UFO Game Project\the game\stones.h(33,27): warning C4305: 'initializing': truncation from 'double' to 'float'
D:\projects\UFO Game Project\the game\stones.h(21,29): warning C4305: '-=': truncation from 'double' to 'float'
  Source.cpp
D:\projects\UFO Game Project\the game\Animation_sprite.h(9,52): warning C4244: '=': conversion from 'int' to 'float', possible loss of data
  Spritecomponent.cpp
D:\projects\UFO Game Project\the game\Source.cpp(6,12): warning C4244: 'argument': conversion from 'time_t' to 'unsigned int', possible loss of data
D:\projects\UFO Game Project\the game\Spritecomponent.cpp(24,13): warning C4244: '=': conversion from 'float' to 'int', possible loss of data
D:\projects\UFO Game Project\the game\Spritecomponent.cpp(25,13): warning C4244: '=': conversion from 'float' to 'int', possible loss of data
D:\projects\UFO Game Project\the game\Spritecomponent.cpp(26,30): warning C4244: '=': conversion from 'float' to 'int', possible loss of data
  bullet.cpp
D:\projects\UFO Game Project\the game\Spritecomponent.cpp(27,30): warning C4244: '=': conversion from 'float' to 'int', possible loss of data
D:\projects\UFO Game Project\the game\stones.h(33,27): warning C4305: 'initializing': truncation from 'double' to 'float'
D:\projects\UFO Game Project\the game\stones.h(21,29): warning C4305: '-=': truncation from 'double' to 'float'
D:\projects\UFO Game Project\the game\Spritecomponent_offset_position.h(19,32): warning C4244: '=': conversion from 'float' to 'int', possible loss of data
D:\projects\UFO Game Project\the game\Spritecomponent_offset_position.h(20,32): warning C4244: '=': conversion from 'float' to 'int', possible loss of data
  bullet2.cpp
D:\projects\UFO Game Project\the game\bullet.cpp(87,15): warning C4244: 'initializing': conversion from 'int' to 'float', possible loss of data
  bullet_shotgun.cpp
D:\projects\UFO Game Project\the game\bullet2.cpp(9,23): warning C4305: '=': truncation from 'double' to 'float'
  loot.cpp
D:\projects\UFO Game Project\the game\bullet_shotgun.cpp(9,22): warning C4305: '=': truncation from 'double' to 'float'
D:\projects\UFO Game Project\the game\stones.h(33,27): warning C4305: 'initializing': truncation from 'double' to 'float'
  loot_emp.cpp
D:\projects\UFO Game Project\the game\stones.h(21,29): warning C4305: '-=': truncation from 'double' to 'float'
D:\projects\UFO Game Project\the game\stones.h(33,27): warning C4305: 'initializing': truncation from 'double' to 'float'
D:\projects\UFO Game Project\the game\stones.h(21,29): warning C4305: '-=': truncation from 'double' to 'float'
D:\projects\UFO Game Project\the game\Animation_sprite.h(9,52): warning C4244: '=': conversion from 'int' to 'float', possible loss of data
D:\projects\UFO Game Project\the game\Spritecomponent_offset_position.h(19,32): warning C4244: '=': conversion from 'float' to 'int', possible loss of data
  loot_life.cpp
D:\projects\UFO Game Project\the game\Spritecomponent_offset_position.h(20,32): warning C4244: '=': conversion from 'float' to 'int', possible loss of data
D:\projects\UFO Game Project\the game\stones.h(33,27): warning C4305: 'initializing': truncation from 'double' to 'float'
D:\projects\UFO Game Project\the game\stones.h(21,29): warning C4305: '-=': truncation from 'double' to 'float'
D:\projects\UFO Game Project\the game\Animation_sprite.h(9,52): warning C4244: '=': conversion from 'int' to 'float', possible loss of data
D:\projects\UFO Game Project\the game\Spritecomponent_offset_position.h(19,32): warning C4244: '=': conversion from 'float' to 'int', possible loss of data
  loot_shotgun_ammo.cpp
D:\projects\UFO Game Project\the game\Spritecomponent_offset_position.h(20,32): warning C4244: '=': conversion from 'float' to 'int', possible loss of data
D:\projects\UFO Game Project\the game\stones.h(33,27): warning C4305: 'initializing': truncation from 'double' to 'float'
D:\projects\UFO Game Project\the game\stones.h(21,29): warning C4305: '-=': truncation from 'double' to 'float'
D:\projects\UFO Game Project\the game\Animation_sprite.h(9,52): warning C4244: '=': conversion from 'int' to 'float', possible loss of data
D:\projects\UFO Game Project\the game\Spritecomponent_offset_position.h(19,32): warning C4244: '=': conversion from 'float' to 'int', possible loss of data
  Generating Code...
  Compiling...
  loot_sniper_ammo.cpp
D:\projects\UFO Game Project\the game\Spritecomponent_offset_position.h(20,32): warning C4244: '=': conversion from 'float' to 'int', possible loss of data
D:\projects\UFO Game Project\the game\stones.h(33,27): warning C4305: 'initializing': truncation from 'double' to 'float'
D:\projects\UFO Game Project\the game\stones.h(21,29): warning C4305: '-=': truncation from 'double' to 'float'
D:\projects\UFO Game Project\the game\Animation_sprite.h(9,52): warning C4244: '=': conversion from 'int' to 'float', possible loss of data
D:\projects\UFO Game Project\the game\Spritecomponent_offset_position.h(19,32): warning C4244: '=': conversion from 'float' to 'int', possible loss of data
  movecomponent.cpp
D:\projects\UFO Game Project\the game\Spritecomponent_offset_position.h(20,32): warning C4244: '=': conversion from 'float' to 'int', possible loss of data
D:\projects\UFO Game Project\the game\stones.h(33,27): warning C4305: 'initializing': truncation from 'double' to 'float'
D:\projects\UFO Game Project\the game\stones.h(21,29): warning C4305: '-=': truncation from 'double' to 'float'
D:\projects\UFO Game Project\the game\movecomponent.cpp(33,48): warning C4244: 'argument': conversion from 'double' to 'float', possible loss of data
D:\projects\UFO Game Project\the game\movecomponent.cpp(51,48): warning C4244: 'argument': conversion from 'double' to 'float', possible loss of data
D:\projects\UFO Game Project\the game\movecomponent.cpp(70,48): warning C4244: 'argument': conversion from 'double' to 'float', possible loss of data
  stones.cpp
D:\projects\UFO Game Project\the game\movecomponent.cpp(89,48): warning C4244: 'argument': conversion from 'double' to 'float', possible loss of data
D:\projects\UFO Game Project\the game\stones.h(33,27): warning C4305: 'initializing': truncation from 'double' to 'float'
D:\projects\UFO Game Project\the game\stones.h(21,29): warning C4305: '-=': truncation from 'double' to 'float'
D:\projects\UFO Game Project\the game\Animation_sprite.h(9,52): warning C4244: '=': conversion from 'int' to 'float', possible loss of data
D:\projects\UFO Game Project\the game\Spritecomponent_offset_position.h(19,32): warning C4244: '=': conversion from 'float' to 'int', possible loss of data
D:\projects\UFO Game Project\the game\Spritecomponent_offset_position.h(20,32): warning C4244: '=': conversion from 'float' to 'int', possible loss of data
D:\projects\UFO Game Project\the game\stones.cpp(12,37): warning C4244: 'argument': conversion from 'int' to 'float', possible loss of data
D:\projects\UFO Game Project\the game\stones.cpp(19,10): warning C4244: '=': conversion from 'int' to 'float', possible loss of data
D:\projects\UFO Game Project\the game\stones.cpp(20,10): warning C4244: '=': conversion from 'int' to 'float', possible loss of data
D:\projects\UFO Game Project\the game\stones.cpp(70,27): warning C4305: 'argument': truncation from 'double' to 'float'
  Generating Code...
D:\projects\UFO Game Project\the game\stones.cpp(155,24): warning C4305: '=': truncation from 'double' to 'float'
  LINK : D:\projects\UFO Game Project\the game\x64\Debug\the game.exe not found or not built by the last incremental link; performing full link
  the game.vcxproj -> D:\projects\UFO Game Project\the game\x64\Debug\the game.exe
